<?xml version="1.0" encoding="UTF-8"?><testsuite errors="1" failures="0" name="I as user of the Utest" skipped="0" tests="1" time="15.64" timestamp="2022-10-06 10:45:10"><testcase name="Successful user creation"><error message="element not interactable&#10;  (Session info: chrome=106.0.5249.91)&#10;Build info: version: '3.141.59', revision: 'e82be7d358', time: '2018-11-14T08:17:03'&#10;System info: host: 'apto-Lenovo-Y520-15IKBN', ip: '127.0.1.1', os.name: 'Linux', os.arch: 'amd64', os.version: '5.15.0-48-generic', java.version: '1.8.0_345'&#10;Driver info: org.openqa.selenium.chrome.ChromeDriver&#10;Capabilities {acceptInsecureCerts: false, browserName: chrome, browserVersion: 106.0.5249.91, chrome: {chromedriverVersion: 105.0.5195.19 (b9c217c128c1..., userDataDir: /tmp/.com.google.Chrome.9T4GI3}, goog:chromeOptions: {debuggerAddress: localhost:33495}, javascriptEnabled: true, networkConnectionEnabled: false, pageLoadStrategy: normal, platform: LINUX, platformName: LINUX, proxy: Proxy(), setWindowRect: true, strictFileInteractability: false, timeouts: {implicit: 0, pageLoad: 300000, script: 30000}, unhandledPromptBehavior: dismiss and notify, webauthn:extension:credBlob: true, webauthn:extension:largeBlob: true, webauthn:virtualAuthenticators: true}&#10;Session ID: d11410ef9b1226d6d2041d791e78efd8" type="org.openqa.selenium.ElementNotInteractableException">element not interactable
  (Session info: chrome=106.0.5249.91)
Build info: version: '3.141.59', revision: 'e82be7d358', time: '2018-11-14T08:17:03'
System info: host: 'apto-Lenovo-Y520-15IKBN', ip: '127.0.1.1', os.name: 'Linux', os.arch: 'amd64', os.version: '5.15.0-48-generic', java.version: '1.8.0_345'
Driver info: org.openqa.selenium.chrome.ChromeDriver
Capabilities {acceptInsecureCerts: false, browserName: chrome, browserVersion: 106.0.5249.91, chrome: {chromedriverVersion: 105.0.5195.19 (b9c217c128c1..., userDataDir: /tmp/.com.google.Chrome.9T4GI3}, goog:chromeOptions: {debuggerAddress: localhost:33495}, javascriptEnabled: true, networkConnectionEnabled: false, pageLoadStrategy: normal, platform: LINUX, platformName: LINUX, proxy: Proxy(), setWindowRect: true, strictFileInteractability: false, timeouts: {implicit: 0, pageLoad: 300000, script: 30000}, unhandledPromptBehavior: dismiss and notify, webauthn:extension:credBlob: true, webauthn:extension:largeBlob: true, webauthn:virtualAuthenticators: true}
Session ID: d11410ef9b1226d6d2041d791e78efd8</error><system-err>element not interactable
  (Session info: chrome=106.0.5249.91)
Build info: version: '3.141.59', revision: 'e82be7d358', time: '2018-11-14T08:17:03'
System info: host: 'apto-Lenovo-Y520-15IKBN', ip: '127.0.1.1', os.name: 'Linux', os.arch: 'amd64', os.version: '5.15.0-48-generic', java.version: '1.8.0_345'
Driver info: org.openqa.selenium.chrome.ChromeDriver
Capabilities {acceptInsecureCerts: false, browserName: chrome, browserVersion: 106.0.5249.91, chrome: {chromedriverVersion: 105.0.5195.19 (b9c217c128c1..., userDataDir: /tmp/.com.google.Chrome.9T4GI3}, goog:chromeOptions: {debuggerAddress: localhost:33495}, javascriptEnabled: true, networkConnectionEnabled: false, pageLoadStrategy: normal, platform: LINUX, platformName: LINUX, proxy: Proxy(), setWindowRect: true, strictFileInteractability: false, timeouts: {implicit: 0, pageLoad: 300000, script: 30000}, unhandledPromptBehavior: dismiss and notify, webauthn:extension:credBlob: true, webauthn:extension:largeBlob: true, webauthn:virtualAuthenticators: true}
Session ID: d11410ef9b1226d6d2041d791e78efd8
co.com.bancolombia.certification.utest.tasks.RegisterUser.performAs(RegisterUser.java:14)
co.com.bancolombia.certification.utest.stepdefinitions.RegisterUserStepDefinitions.userCreateAnAccountFillingAllFields(RegisterUserStepDefinitions.java:33)
cucumber.runner.Runner.runPickle(Runner.java:80)
worker.org.gradle.process.internal.worker.GradleWorkerMain.run(GradleWorkerMain.java:69)
worker.org.gradle.process.internal.worker.GradleWorkerMain.main(GradleWorkerMain.java:74)
</system-err></testcase></testsuite>